<?xml version="1.0" encoding="utf-8"?>
<coverage line-rate="1" branch-rate="1" version="1.9" timestamp="1761791421" lines-covered="8" lines-valid="8" branches-covered="0" branches-valid="0">
  <sources>
    <source>C:\</source>
  </sources>
  <packages>
    <package name="EmployeeApp" line-rate="1" branch-rate="1" complexity="8">
      <classes>
        <class name="EmployeeApp.Employee" filename="Users\HP\Documents\GitHub\examen-si889-2025-ii-u2-CMirianG\src\EmployeeApp\Employees.cs" line-rate="1" branch-rate="1" complexity="2">
          <methods>
            <method name="get_Name" signature="()" line-rate="1" branch-rate="1" complexity="1">
              <lines>
                <line number="5" hits="6" branch="False" />
              </lines>
            </method>
            <method name="get_Salary" signature="()" line-rate="1" branch-rate="1" complexity="1">
              <lines>
                <line number="6" hits="4" branch="False" />
              </lines>
            </method>
          </methods>
          <lines>
            <line number="5" hits="6" branch="False" />
            <line number="6" hits="4" branch="False" />
          </lines>
        </class>
        <class name="EmployeeApp.Developer" filename="Users\HP\Documents\GitHub\examen-si889-2025-ii-u2-CMirianG\src\EmployeeApp\Employees.cs" line-rate="1" branch-rate="1" complexity="2">
          <methods>
            <method name="get_ProgrammingLanguage" signature="()" line-rate="1" branch-rate="1" complexity="1">
              <lines>
                <line number="13" hits="3" branch="False" />
              </lines>
            </method>
            <method name="Accept" signature="(EmployeeApp.IEmployeeVisitor`1&lt;T&gt;)" line-rate="1" branch-rate="1" complexity="1">
              <lines>
                <line number="17" hits="1" branch="False" />
              </lines>
            </method>
          </methods>
          <lines>
            <line number="13" hits="3" branch="False" />
            <line number="17" hits="1" branch="False" />
          </lines>
        </class>
        <class name="EmployeeApp.Manager" filename="Users\HP\Documents\GitHub\examen-si889-2025-ii-u2-CMirianG\src\EmployeeApp\Employees.cs" line-rate="1" branch-rate="1" complexity="2">
          <methods>
            <method name="get_TeamSize" signature="()" line-rate="1" branch-rate="1" complexity="1">
              <lines>
                <line number="23" hits="2" branch="False" />
              </lines>
            </method>
            <method name="Accept" signature="(EmployeeApp.IEmployeeVisitor`1&lt;T&gt;)" line-rate="1" branch-rate="1" complexity="1">
              <lines>
                <line number="27" hits="1" branch="False" />
              </lines>
            </method>
          </methods>
          <lines>
            <line number="23" hits="2" branch="False" />
            <line number="27" hits="1" branch="False" />
          </lines>
        </class>
        <class name="EmployeeApp.ReportVisitor" filename="Users\HP\Documents\GitHub\examen-si889-2025-ii-u2-CMirianG\src\EmployeeApp\Employees.cs" line-rate="1" branch-rate="1" complexity="2">
          <methods>
            <method name="Visit" signature="(EmployeeApp.Developer)" line-rate="1" branch-rate="1" complexity="1">
              <lines>
                <line number="41" hits="1" branch="False" />
              </lines>
            </method>
            <method name="Visit" signature="(EmployeeApp.Manager)" line-rate="1" branch-rate="1" complexity="1">
              <lines>
                <line number="46" hits="1" branch="False" />
              </lines>
            </method>
          </methods>
          <lines>
            <line number="41" hits="1" branch="False" />
            <line number="46" hits="1" branch="False" />
          </lines>
        </class>
      </classes>
    </package>
  </packages>
</coverage>